{
  "RSpec": {
    "coverage": {
      "/Users/elifuchsman/Turing/mod3_directory/rails_engine_fe/config/environment.rb": {
        "lines": [
          null,
          1,
          null,
          null,
          1
        ]
      },
      "/Users/elifuchsman/Turing/mod3_directory/rails_engine_fe/config/application.rb": {
        "lines": [
          1,
          null,
          1,
          null,
          1,
          1,
          1,
          1,
          1,
          1,
          1,
          1,
          1,
          null,
          null,
          null,
          null,
          1,
          null,
          1,
          1,
          null,
          1,
          null,
          null,
          null,
          null,
          null,
          null,
          null,
          1,
          null,
          null
        ]
      },
      "/Users/elifuchsman/Turing/mod3_directory/rails_engine_fe/config/boot.rb": {
        "lines": [
          1,
          null,
          1,
          1
        ]
      },
      "/Users/elifuchsman/Turing/mod3_directory/rails_engine_fe/config/environments/test.rb": {
        "lines": [
          1,
          null,
          null,
          null,
          null,
          null,
          null,
          1,
          null,
          null,
          null,
          null,
          1,
          null,
          null,
          1,
          1,
          null,
          null,
          null,
          null,
          1,
          1,
          null,
          null,
          1,
          null,
          null,
          1,
          null,
          null,
          1,
          null,
          1,
          null,
          null,
          null,
          null,
          1,
          null,
          null,
          1,
          null,
          null,
          null,
          null
        ]
      },
      "/Users/elifuchsman/Turing/mod3_directory/rails_engine_fe/config/initializers/application_controller_renderer.rb": {
        "lines": [
          null,
          null,
          null,
          null,
          null,
          null,
          null,
          null
        ]
      },
      "/Users/elifuchsman/Turing/mod3_directory/rails_engine_fe/config/initializers/assets.rb": {
        "lines": [
          null,
          null,
          null,
          1,
          null,
          null,
          null,
          null,
          1,
          null,
          null,
          null,
          null,
          null
        ]
      },
      "/Users/elifuchsman/Turing/mod3_directory/rails_engine_fe/config/initializers/backtrace_silencers.rb": {
        "lines": [
          null,
          null,
          null,
          null,
          null,
          null,
          null
        ]
      },
      "/Users/elifuchsman/Turing/mod3_directory/rails_engine_fe/config/initializers/content_security_policy.rb": {
        "lines": [
          null,
          null,
          null,
          null,
          null,
          null,
          null,
          null,
          null,
          null,
          null,
          null,
          null,
          null,
          null,
          null,
          null,
          null,
          null,
          null,
          null,
          null,
          null,
          null,
          null
        ]
      },
      "/Users/elifuchsman/Turing/mod3_directory/rails_engine_fe/config/initializers/cookies_serializer.rb": {
        "lines": [
          null,
          null,
          null,
          null,
          1
        ]
      },
      "/Users/elifuchsman/Turing/mod3_directory/rails_engine_fe/config/initializers/filter_parameter_logging.rb": {
        "lines": [
          null,
          null,
          null,
          1
        ]
      },
      "/Users/elifuchsman/Turing/mod3_directory/rails_engine_fe/config/initializers/inflections.rb": {
        "lines": [
          null,
          null,
          null,
          null,
          null,
          null,
          null,
          null,
          null,
          null,
          null,
          null,
          null,
          null,
          null,
          null
        ]
      },
      "/Users/elifuchsman/Turing/mod3_directory/rails_engine_fe/config/initializers/mime_types.rb": {
        "lines": [
          null,
          null,
          null,
          null
        ]
      },
      "/Users/elifuchsman/Turing/mod3_directory/rails_engine_fe/config/initializers/wrap_parameters.rb": {
        "lines": [
          null,
          null,
          null,
          null,
          null,
          null,
          1,
          2,
          null,
          null,
          null,
          null,
          null,
          null
        ]
      },
      "/Users/elifuchsman/Turing/mod3_directory/rails_engine_fe/config/routes.rb": {
        "lines": [
          1,
          null,
          1,
          1,
          null
        ]
      },
      "/Users/elifuchsman/Turing/mod3_directory/rails_engine_fe/app/helpers/application_helper.rb": {
        "lines": [
          1,
          null
        ]
      },
      "/Users/elifuchsman/Turing/mod3_directory/rails_engine_fe/app/helpers/merchants_helper.rb": {
        "lines": [
          1,
          null
        ]
      },
      "/Users/elifuchsman/Turing/mod3_directory/rails_engine_fe/app/services/merchant_service.rb": {
        "lines": [
          1,
          null,
          1,
          null,
          1,
          4,
          null,
          null,
          1,
          0,
          0,
          0,
          null,
          null,
          null,
          1,
          2,
          2,
          2,
          null,
          null,
          1,
          4,
          null,
          null,
          1,
          2,
          2,
          24,
          null,
          null,
          null,
          1,
          4,
          null,
          null
        ]
      },
      "/Users/elifuchsman/Turing/mod3_directory/rails_engine_fe/app/poros/merchant.rb": {
        "lines": [
          1,
          1,
          null,
          null,
          null,
          1,
          2,
          2,
          2,
          null,
          null
        ]
      },
      "/Users/elifuchsman/Turing/mod3_directory/rails_engine_fe/app/poros/item.rb": {
        "lines": [
          1,
          1,
          null,
          null,
          null,
          null,
          null,
          null,
          1,
          24,
          24,
          24,
          24,
          24,
          24,
          null,
          null
        ]
      },
      "/Users/elifuchsman/Turing/mod3_directory/rails_engine_fe/app/controllers/merchants_controller.rb": {
        "lines": [
          1,
          1,
          0,
          null,
          null,
          1,
          1,
          1,
          null,
          null
        ]
      },
      "/Users/elifuchsman/Turing/mod3_directory/rails_engine_fe/app/controllers/application_controller.rb": {
        "lines": [
          1,
          null
        ]
      }
    },
    "timestamp": 1671063281
  }
}
